<?xml version="1.0" encoding="UTF-8"?>
<testsuite xmlns:xsi="http://www.w3.org/2001/XMLSchema-instance" xsi:noNamespaceSchemaLocation="https://maven.apache.org/surefire/maven-surefire-plugin/xsd/surefire-test-report-3.0.xsd" version="3.0" name="com.abes.medx.dao.PatientDAOImplTest" time="0.132" tests="11" errors="0" skipped="0" failures="0">
  <properties>
    <property name="java.specification.version" value="21"/>
    <property name="sun.cpu.isalist" value="amd64"/>
    <property name="sun.jnu.encoding" value="Cp1252"/>
    <property name="java.class.path" value="C:\Users\tanya\OneDrive\Desktop\MEDX\MedX\medx\target\test-classes;C:\Users\tanya\OneDrive\Desktop\MEDX\MedX\medx\target\classes;C:\Users\tanya\.m2\repository\org\junit\jupiter\junit-jupiter-api\5.12.2\junit-jupiter-api-5.12.2.jar;C:\Users\tanya\.m2\repository\org\opentest4j\opentest4j\1.3.0\opentest4j-1.3.0.jar;C:\Users\tanya\.m2\repository\org\junit\platform\junit-platform-commons\1.12.2\junit-platform-commons-1.12.2.jar;C:\Users\tanya\.m2\repository\org\apiguardian\apiguardian-api\1.1.2\apiguardian-api-1.1.2.jar;"/>
    <property name="java.vm.vendor" value="Oracle Corporation"/>
    <property name="sun.arch.data.model" value="64"/>
    <property name="user.variant" value=""/>
    <property name="java.vendor.url" value="https://java.oracle.com/"/>
    <property name="user.timezone" value="Asia/Calcutta"/>
    <property name="os.name" value="Windows 11"/>
    <property name="java.vm.specification.version" value="21"/>
    <property name="user.country" value="IN"/>
    <property name="sun.java.launcher" value="SUN_STANDARD"/>
    <property name="sun.boot.library.path" value="C:\Program Files\Java\jdk-21\bin"/>
    <property name="sun.java.command" value="C:\Users\tanya\AppData\Local\Temp\surefire8074402569397842617\surefirebooter-20250530140948445_3.jar C:\Users\tanya\AppData\Local\Temp\surefire8074402569397842617 2025-05-30T14-09-48_181-jvmRun1 surefire-20250530140948445_1tmp surefire_0-20250530140948445_2tmp"/>
    <property name="jdk.debug" value="release"/>
    <property name="test" value="com.abes.medx.dao.PatientDAOImplTest"/>
    <property name="surefire.test.class.path" value="C:\Users\tanya\OneDrive\Desktop\MEDX\MedX\medx\target\test-classes;C:\Users\tanya\OneDrive\Desktop\MEDX\MedX\medx\target\classes;C:\Users\tanya\.m2\repository\org\junit\jupiter\junit-jupiter-api\5.12.2\junit-jupiter-api-5.12.2.jar;C:\Users\tanya\.m2\repository\org\opentest4j\opentest4j\1.3.0\opentest4j-1.3.0.jar;C:\Users\tanya\.m2\repository\org\junit\platform\junit-platform-commons\1.12.2\junit-platform-commons-1.12.2.jar;C:\Users\tanya\.m2\repository\org\apiguardian\apiguardian-api\1.1.2\apiguardian-api-1.1.2.jar;"/>
    <property name="sun.cpu.endian" value="little"/>
    <property name="user.home" value="C:\Users\tanya"/>
    <property name="user.language" value="en"/>
    <property name="java.specification.vendor" value="Oracle Corporation"/>
    <property name="java.version.date" value="2025-01-21"/>
    <property name="java.home" value="C:\Program Files\Java\jdk-21"/>
    <property name="file.separator" value="\"/>
    <property name="basedir" value="C:\Users\tanya\OneDrive\Desktop\MEDX\MedX\medx"/>
    <property name="java.vm.compressedOopsMode" value="32-bit"/>
    <property name="line.separator" value="&#10;"/>
    <property name="java.vm.specification.vendor" value="Oracle Corporation"/>
    <property name="java.specification.name" value="Java Platform API Specification"/>
    <property name="surefire.real.class.path" value="C:\Users\tanya\AppData\Local\Temp\surefire8074402569397842617\surefirebooter-20250530140948445_3.jar"/>
    <property name="user.script" value=""/>
    <property name="sun.management.compiler" value="HotSpot 64-Bit Tiered Compilers"/>
    <property name="java.runtime.version" value="21.0.6+8-LTS-188"/>
    <property name="user.name" value="tanya"/>
    <property name="stdout.encoding" value="Cp1252"/>
    <property name="path.separator" value=";"/>
    <property name="os.version" value="10.0"/>
    <property name="java.runtime.name" value="Java(TM) SE Runtime Environment"/>
    <property name="file.encoding" value="UTF-8"/>
    <property name="java.vm.name" value="Java HotSpot(TM) 64-Bit Server VM"/>
    <property name="maven.ext.class.path" value="C:\Users\tanya\.vscode\extensions\oracle.oracle-java-24.0.0\nbcode\java\maven-nblib\netbeans-eventspy.jar"/>
    <property name="localRepository" value="C:\Users\tanya\.m2\repository"/>
    <property name="java.vendor.url.bug" value="https://bugreport.java.com/bugreport/"/>
    <property name="java.io.tmpdir" value="C:\Users\tanya\AppData\Local\Temp\"/>
    <property name="java.version" value="21.0.6"/>
    <property name="user.dir" value="C:\Users\tanya\OneDrive\Desktop\MEDX\MedX\medx"/>
    <property name="os.arch" value="amd64"/>
    <property name="java.vm.specification.name" value="Java Virtual Machine Specification"/>
    <property name="sun.os.patch.level" value=""/>
    <property name="native.encoding" value="Cp1252"/>
    <property name="java.library.path" value="C:\Program Files\Java\jdk-21\bin;C:\WINDOWS\Sun\Java\bin;C:\WINDOWS\system32;C:\WINDOWS;C:\Program Files\Common Files\Oracle\Java\javapath;C:\Program Files (x86)\Common Files\Oracle\Java\java8path;C:\Program Files (x86)\Common Files\Oracle\Java\javapath;C:\WINDOWS\system32;C:\WINDOWS;C:\WINDOWS\System32\Wbem;C:\WINDOWS\System32\WindowsPowerShell\v1.0\;C:\WINDOWS\System32\OpenSSH\;C:\mongosh\bin;C:\Program Files\MongoDB\Server\6.0\bin;C:\Users\tanya\Downloads\MinGW\bin;C:\Program Files\nodejs\;C:\Program Files\MongoDB\Server\7.0;C:\Program Files\Git\cmd;C:\Program Files\Java\jdk-21\bin;C:\Users\tanya\AppData\Local\Microsoft\WindowsApps;C:\Users\tanya\AppData\Local\Programs\Microsoft VS Code\bin;C:\MinGW\bin;C:\Users\tanya\AppData\Roaming\npm;C:\Users\tanya\AppData\Local\Microsoft\WinGet\Packages\Schniz.fnm_Microsoft.Winget.Source_8wekyb3d8bbwe;;C:\Program Files\JetBrains\IntelliJ IDEA 2025.1\bin;;."/>
    <property name="java.vm.info" value="mixed mode, sharing"/>
    <property name="stderr.encoding" value="Cp1252"/>
    <property name="java.vendor" value="Oracle Corporation"/>
    <property name="java.vm.version" value="21.0.6+8-LTS-188"/>
    <property name="sun.io.unicode.encoding" value="UnicodeLittle"/>
    <property name="java.class.version" value="65.0"/>
  </properties>
  <testcase name="testAuthenticateSuccess" classname="com.abes.medx.dao.PatientDAOImplTest" time="0.045"/>
  <testcase name="testUpdateProfileSuccess" classname="com.abes.medx.dao.PatientDAOImplTest" time="0.008"/>
  <testcase name="testAuthenticateFailure" classname="com.abes.medx.dao.PatientDAOImplTest" time="0.006"/>
  <testcase name="testUpdateProfileFailure" classname="com.abes.medx.dao.PatientDAOImplTest" time="0.003"/>
  <testcase name="testGetAllPatients" classname="com.abes.medx.dao.PatientDAOImplTest" time="0.003"/>
  <testcase name="testDeleteSuccess" classname="com.abes.medx.dao.PatientDAOImplTest" time="0.002"/>
  <testcase name="testRegisterDuplicate" classname="com.abes.medx.dao.PatientDAOImplTest" time="0.001"/>
  <testcase name="testDeleteFailure" classname="com.abes.medx.dao.PatientDAOImplTest" time="0.002"/>
  <testcase name="testGetPatientByEmailSuccess" classname="com.abes.medx.dao.PatientDAOImplTest" time="0.002"/>
  <testcase name="testGetPatientByEmailFailure" classname="com.abes.medx.dao.PatientDAOImplTest" time="0.002"/>
  <testcase name="testRegisterSuccess" classname="com.abes.medx.dao.PatientDAOImplTest" time="0.001"/>
</testsuite>